<?xml version="1.0" encoding="UTF-8"?>
<!-- Generated by org.testng.reporters.JUnitXMLReporter -->
<testsuite hostname="D1111" name="Default test" tests="8" failures="0" timestamp="17 Aug 2020 09:35:38 GMT" time="134.921" errors="0">
  <testcase name="LoginWithBlankField" time="5.303" classname="tests.LoginTest"/>
  <testcase name="LoginWithEmailInCorrect" time="4.519" classname="tests.LoginTest"/>
  <testcase name="LoginWithEmailInvalid" time="4.33" classname="tests.LoginTest"/>
  <testcase name="LoginWithPassEmpty" time="5.363" classname="tests.LoginTest"/>
  <testcase name="LoginWithPassInCorrect" time="5.765" classname="tests.LoginTest"/>
  <testcase name="LoginWithPassInvalid" time="5.129" classname="tests.LoginTest"/>
  <testcase name="loginWithCorrect" time="5.254" classname="tests.LoginTest"/>
  <testcase name="loginWithEmailEmpty" time="4.401" classname="tests.LoginTest"/>
</testsuite> <!-- Default test -->
